Analysis & Synthesis report for SystemIR
Sun Dec  8 12:21:16 2013
Quartus II 64-Bit Version 13.0.1 Build 232 06/12/2013 Service Pack 1 SJ Web Edition


---------------------
; Table of Contents ;
---------------------
  1. Legal Notice
  2. Analysis & Synthesis Summary
  3. Analysis & Synthesis Settings
  4. Parallel Compilation
  5. Analysis & Synthesis Source Files Read
  6. Analysis & Synthesis Resource Usage Summary
  7. Analysis & Synthesis Resource Utilization by Entity
  8. Analysis & Synthesis RAM Summary
  9. Analysis & Synthesis IP Cores Summary
 10. State Machine - |SystemIR|ProcessorIR:PROC|CU:ControlUnityBlock|present_state
 11. State Machine - |SystemIR|ProcessorIR:PROC|CU:ControlUnityBlock|next_state
 12. General Register Statistics
 13. Multiplexer Restructuring Statistics (Restructuring Performed)
 14. Source assignments for RAM:MEMORY|altsyncram:altsyncram_component|altsyncram_ish1:auto_generated
 15. Parameter Settings for User Entity Instance: RAM:MEMORY|altsyncram:altsyncram_component
 16. Parameter Settings for User Entity Instance: ProcessorIR:PROC|registern:\REGISTERS:6:RegisterBlocks
 17. Parameter Settings for User Entity Instance: ProcessorIR:PROC|registern:\REGISTERS:5:RegisterBlocks
 18. Parameter Settings for User Entity Instance: ProcessorIR:PROC|registern:\REGISTERS:4:RegisterBlocks
 19. Parameter Settings for User Entity Instance: ProcessorIR:PROC|registern:\REGISTERS:3:RegisterBlocks
 20. Parameter Settings for User Entity Instance: ProcessorIR:PROC|registern:\REGISTERS:2:RegisterBlocks
 21. Parameter Settings for User Entity Instance: ProcessorIR:PROC|registern:\REGISTERS:1:RegisterBlocks
 22. Parameter Settings for User Entity Instance: ProcessorIR:PROC|registern:\REGISTERS:0:RegisterBlocks
 23. Parameter Settings for User Entity Instance: ProcessorIR:PROC|ProgramCounter:ProgramCounterBlock|lpm_counter:LPM_COUNTER_component
 24. Parameter Settings for User Entity Instance: ProcessorIR:PROC|registern:IntructionRegister
 25. Parameter Settings for User Entity Instance: ProcessorIR:PROC|registern:addSubRegister
 26. Parameter Settings for User Entity Instance: ProcessorIR:PROC|registern:AcumulatorRegister
 27. Parameter Settings for User Entity Instance: ProcessorIR:PROC|registern:ADDR_Register
 28. Parameter Settings for User Entity Instance: ProcessorIR:PROC|registern:DOUT_Register
 29. Parameter Settings for User Entity Instance: ProcessorIR:PROC|Addsub:AddSubBlock|lpm_add_sub:LPM_ADD_SUB_component
 30. Parameter Settings for User Entity Instance: registern:LEDREGISTER
 31. altsyncram Parameter Settings by Entity Instance
 32. Port Connectivity Checks: "ProcessorIR:PROC"
 33. Elapsed Time Per Partition
 34. Analysis & Synthesis Messages



----------------
; Legal Notice ;
----------------
Copyright (C) 1991-2013 Altera Corporation
Your use of Altera Corporation's design tools, logic functions 
and other software and tools, and its AMPP partner logic 
functions, and any output files from any of the foregoing 
(including device programming or simulation files), and any 
associated documentation or information are expressly subject 
to the terms and conditions of the Altera Program License 
Subscription Agreement, Altera MegaCore Function License 
Agreement, or other applicable license agreement, including, 
without limitation, that your use is for the sole purpose of 
programming logic devices manufactured by Altera and sold by 
Altera or its authorized distributors.  Please refer to the 
applicable agreement for further details.



+--------------------------------------------------------------------------------------+
; Analysis & Synthesis Summary                                                         ;
+------------------------------------+-------------------------------------------------+
; Analysis & Synthesis Status        ; Successful - Sun Dec  8 12:21:16 2013           ;
; Quartus II 64-Bit Version          ; 13.0.1 Build 232 06/12/2013 SP 1 SJ Web Edition ;
; Revision Name                      ; SystemIR                                        ;
; Top-level Entity Name              ; SystemIR                                        ;
; Family                             ; Cyclone IV GX                                   ;
; Total logic elements               ; 475                                             ;
;     Total combinational functions  ; 311                                             ;
;     Dedicated logic registers      ; 234                                             ;
; Total registers                    ; 234                                             ;
; Total pins                         ; 19                                              ;
; Total virtual pins                 ; 0                                               ;
; Total memory bits                  ; 2,048                                           ;
; Embedded Multiplier 9-bit elements ; 0                                               ;
; Total GXB Receiver Channel PCS     ; 0                                               ;
; Total GXB Receiver Channel PMA     ; 0                                               ;
; Total GXB Transmitter Channel PCS  ; 0                                               ;
; Total GXB Transmitter Channel PMA  ; 0                                               ;
; Total PLLs                         ; 0                                               ;
+------------------------------------+-------------------------------------------------+


+----------------------------------------------------------------------------------------------------------------------+
; Analysis & Synthesis Settings                                                                                        ;
+----------------------------------------------------------------------------+--------------------+--------------------+
; Option                                                                     ; Setting            ; Default Value      ;
+----------------------------------------------------------------------------+--------------------+--------------------+
; Top-level entity name                                                      ; SystemIR           ; SystemIR           ;
; Family name                                                                ; Cyclone IV GX      ; Cyclone IV GX      ;
; Use smart compilation                                                      ; Off                ; Off                ;
; Enable parallel Assembler and TimeQuest Timing Analyzer during compilation ; On                 ; On                 ;
; Enable compact report table                                                ; Off                ; Off                ;
; Restructure Multiplexers                                                   ; Auto               ; Auto               ;
; Create Debugging Nodes for IP Cores                                        ; Off                ; Off                ;
; Preserve fewer node names                                                  ; On                 ; On                 ;
; Disable OpenCore Plus hardware evaluation                                  ; Off                ; Off                ;
; Verilog Version                                                            ; Verilog_2001       ; Verilog_2001       ;
; VHDL Version                                                               ; VHDL_1993          ; VHDL_1993          ;
; State Machine Processing                                                   ; Auto               ; Auto               ;
; Safe State Machine                                                         ; Off                ; Off                ;
; Extract Verilog State Machines                                             ; On                 ; On                 ;
; Extract VHDL State Machines                                                ; On                 ; On                 ;
; Ignore Verilog initial constructs                                          ; Off                ; Off                ;
; Iteration limit for constant Verilog loops                                 ; 5000               ; 5000               ;
; Iteration limit for non-constant Verilog loops                             ; 250                ; 250                ;
; Add Pass-Through Logic to Inferred RAMs                                    ; On                 ; On                 ;
; Infer RAMs from Raw Logic                                                  ; On                 ; On                 ;
; Parallel Synthesis                                                         ; On                 ; On                 ;
; DSP Block Balancing                                                        ; Auto               ; Auto               ;
; NOT Gate Push-Back                                                         ; On                 ; On                 ;
; Power-Up Don't Care                                                        ; On                 ; On                 ;
; Remove Redundant Logic Cells                                               ; Off                ; Off                ;
; Remove Duplicate Registers                                                 ; On                 ; On                 ;
; Ignore CARRY Buffers                                                       ; Off                ; Off                ;
; Ignore CASCADE Buffers                                                     ; Off                ; Off                ;
; Ignore GLOBAL Buffers                                                      ; Off                ; Off                ;
; Ignore ROW GLOBAL Buffers                                                  ; Off                ; Off                ;
; Ignore LCELL Buffers                                                       ; Off                ; Off                ;
; Ignore SOFT Buffers                                                        ; On                 ; On                 ;
; Limit AHDL Integers to 32 Bits                                             ; Off                ; Off                ;
; Optimization Technique                                                     ; Balanced           ; Balanced           ;
; Carry Chain Length                                                         ; 70                 ; 70                 ;
; Auto Carry Chains                                                          ; On                 ; On                 ;
; Auto Open-Drain Pins                                                       ; On                 ; On                 ;
; Perform WYSIWYG Primitive Resynthesis                                      ; Off                ; Off                ;
; Auto ROM Replacement                                                       ; On                 ; On                 ;
; Auto RAM Replacement                                                       ; On                 ; On                 ;
; Auto DSP Block Replacement                                                 ; On                 ; On                 ;
; Auto Shift Register Replacement                                            ; Auto               ; Auto               ;
; Allow Shift Register Merging across Hierarchies                            ; Auto               ; Auto               ;
; Auto Clock Enable Replacement                                              ; On                 ; On                 ;
; Strict RAM Replacement                                                     ; Off                ; Off                ;
; Allow Synchronous Control Signals                                          ; On                 ; On                 ;
; Force Use of Synchronous Clear Signals                                     ; Off                ; Off                ;
; Auto RAM Block Balancing                                                   ; On                 ; On                 ;
; Auto RAM to Logic Cell Conversion                                          ; Off                ; Off                ;
; Auto Resource Sharing                                                      ; Off                ; Off                ;
; Allow Any RAM Size For Recognition                                         ; Off                ; Off                ;
; Allow Any ROM Size For Recognition                                         ; Off                ; Off                ;
; Allow Any Shift Register Size For Recognition                              ; Off                ; Off                ;
; Use LogicLock Constraints during Resource Balancing                        ; On                 ; On                 ;
; Ignore translate_off and synthesis_off directives                          ; Off                ; Off                ;
; Timing-Driven Synthesis                                                    ; On                 ; On                 ;
; Report Parameter Settings                                                  ; On                 ; On                 ;
; Report Source Assignments                                                  ; On                 ; On                 ;
; Report Connectivity Checks                                                 ; On                 ; On                 ;
; Ignore Maximum Fan-Out Assignments                                         ; Off                ; Off                ;
; Synchronization Register Chain Length                                      ; 2                  ; 2                  ;
; PowerPlay Power Optimization                                               ; Normal compilation ; Normal compilation ;
; HDL message level                                                          ; Level2             ; Level2             ;
; Suppress Register Optimization Related Messages                            ; Off                ; Off                ;
; Number of Removed Registers Reported in Synthesis Report                   ; 5000               ; 5000               ;
; Number of Swept Nodes Reported in Synthesis Report                         ; 5000               ; 5000               ;
; Number of Inverted Registers Reported in Synthesis Report                  ; 100                ; 100                ;
; Clock MUX Protection                                                       ; On                 ; On                 ;
; Auto Gated Clock Conversion                                                ; Off                ; Off                ;
; Block Design Naming                                                        ; Auto               ; Auto               ;
; SDC constraint protection                                                  ; Off                ; Off                ;
; Synthesis Effort                                                           ; Auto               ; Auto               ;
; Shift Register Replacement - Allow Asynchronous Clear Signal               ; On                 ; On                 ;
; Pre-Mapping Resynthesis Optimization                                       ; Off                ; Off                ;
; Analysis & Synthesis Message Level                                         ; Medium             ; Medium             ;
; Disable Register Merging Across Hierarchies                                ; Auto               ; Auto               ;
; Resource Aware Inference For Block RAM                                     ; On                 ; On                 ;
; Synthesis Seed                                                             ; 1                  ; 1                  ;
+----------------------------------------------------------------------------+--------------------+--------------------+


Parallel compilation was disabled, but you have multiple processors available. Enable parallel compilation to reduce compilation time.
+-------------------------------------+
; Parallel Compilation                ;
+----------------------------+--------+
; Processors                 ; Number ;
+----------------------------+--------+
; Number detected on machine ; 4      ;
; Maximum allowed            ; 1      ;
+----------------------------+--------+


+------------------------------------------------------------------------------------------------------------------------------------------------------------------------------------------------------------------------+
; Analysis & Synthesis Source Files Read                                                                                                                                                                                 ;
+----------------------------------+-----------------+----------------------------------------+----------------------------------------------------------------------------------------------------------------+---------+
; File Name with User-Entered Path ; Used in Netlist ; File Type                              ; File Name with Absolute Path                                                                                   ; Library ;
+----------------------------------+-----------------+----------------------------------------+----------------------------------------------------------------------------------------------------------------+---------+
; tipos.vhd                        ; yes             ; User VHDL File                         ; /home/matheus/Documents/Unifei/Periodo_6/ELT013 - Eletronica Digital II/Pratica/Projeto/tipos.vhd              ;         ;
; SystemIR.vhd                     ; yes             ; User VHDL File                         ; /home/matheus/Documents/Unifei/Periodo_6/ELT013 - Eletronica Digital II/Pratica/Projeto/SystemIR.vhd           ;         ;
; Registern.vhd                    ; yes             ; User VHDL File                         ; /home/matheus/Documents/Unifei/Periodo_6/ELT013 - Eletronica Digital II/Pratica/Projeto/Registern.vhd          ;         ;
; RAM.vhd                          ; yes             ; User Wizard-Generated File             ; /home/matheus/Documents/Unifei/Periodo_6/ELT013 - Eletronica Digital II/Pratica/Projeto/RAM.vhd                ;         ;
; ProgramCounter.vhd               ; yes             ; User Wizard-Generated File             ; /home/matheus/Documents/Unifei/Periodo_6/ELT013 - Eletronica Digital II/Pratica/Projeto/ProgramCounter.vhd     ;         ;
; ProcessorIR.vhd                  ; yes             ; User VHDL File                         ; /home/matheus/Documents/Unifei/Periodo_6/ELT013 - Eletronica Digital II/Pratica/Projeto/ProcessorIR.vhd        ;         ;
; Mux.vhd                          ; yes             ; User VHDL File                         ; /home/matheus/Documents/Unifei/Periodo_6/ELT013 - Eletronica Digital II/Pratica/Projeto/Mux.vhd                ;         ;
; CU.vhd                           ; yes             ; User VHDL File                         ; /home/matheus/Documents/Unifei/Periodo_6/ELT013 - Eletronica Digital II/Pratica/Projeto/CU.vhd                 ;         ;
; Addsub.vhd                       ; yes             ; User Wizard-Generated File             ; /home/matheus/Documents/Unifei/Periodo_6/ELT013 - Eletronica Digital II/Pratica/Projeto/Addsub.vhd             ;         ;
; altsyncram.tdf                   ; yes             ; Megafunction                           ; /home/matheus/Programas/altera/13.0sp1/quartus/libraries/megafunctions/altsyncram.tdf                          ;         ;
; stratix_ram_block.inc            ; yes             ; Megafunction                           ; /home/matheus/Programas/altera/13.0sp1/quartus/libraries/megafunctions/stratix_ram_block.inc                   ;         ;
; lpm_mux.inc                      ; yes             ; Megafunction                           ; /home/matheus/Programas/altera/13.0sp1/quartus/libraries/megafunctions/lpm_mux.inc                             ;         ;
; lpm_decode.inc                   ; yes             ; Megafunction                           ; /home/matheus/Programas/altera/13.0sp1/quartus/libraries/megafunctions/lpm_decode.inc                          ;         ;
; aglobal130.inc                   ; yes             ; Megafunction                           ; /home/matheus/Programas/altera/13.0sp1/quartus/libraries/megafunctions/aglobal130.inc                          ;         ;
; a_rdenreg.inc                    ; yes             ; Megafunction                           ; /home/matheus/Programas/altera/13.0sp1/quartus/libraries/megafunctions/a_rdenreg.inc                           ;         ;
; altrom.inc                       ; yes             ; Megafunction                           ; /home/matheus/Programas/altera/13.0sp1/quartus/libraries/megafunctions/altrom.inc                              ;         ;
; altram.inc                       ; yes             ; Megafunction                           ; /home/matheus/Programas/altera/13.0sp1/quartus/libraries/megafunctions/altram.inc                              ;         ;
; altdpram.inc                     ; yes             ; Megafunction                           ; /home/matheus/Programas/altera/13.0sp1/quartus/libraries/megafunctions/altdpram.inc                            ;         ;
; db/altsyncram_ish1.tdf           ; yes             ; Auto-Generated Megafunction            ; /home/matheus/Documents/Unifei/Periodo_6/ELT013 - Eletronica Digital II/Pratica/Projeto/db/altsyncram_ish1.tdf ;         ;
; inst_mem.mif                     ; yes             ; Auto-Found Memory Initialization File  ; /home/matheus/Documents/Unifei/Periodo_6/ELT013 - Eletronica Digital II/Pratica/Projeto/inst_mem.mif           ;         ;
; lpm_counter.tdf                  ; yes             ; Megafunction                           ; /home/matheus/Programas/altera/13.0sp1/quartus/libraries/megafunctions/lpm_counter.tdf                         ;         ;
; lpm_constant.inc                 ; yes             ; Megafunction                           ; /home/matheus/Programas/altera/13.0sp1/quartus/libraries/megafunctions/lpm_constant.inc                        ;         ;
; lpm_add_sub.inc                  ; yes             ; Megafunction                           ; /home/matheus/Programas/altera/13.0sp1/quartus/libraries/megafunctions/lpm_add_sub.inc                         ;         ;
; cmpconst.inc                     ; yes             ; Megafunction                           ; /home/matheus/Programas/altera/13.0sp1/quartus/libraries/megafunctions/cmpconst.inc                            ;         ;
; lpm_compare.inc                  ; yes             ; Megafunction                           ; /home/matheus/Programas/altera/13.0sp1/quartus/libraries/megafunctions/lpm_compare.inc                         ;         ;
; lpm_counter.inc                  ; yes             ; Megafunction                           ; /home/matheus/Programas/altera/13.0sp1/quartus/libraries/megafunctions/lpm_counter.inc                         ;         ;
; dffeea.inc                       ; yes             ; Megafunction                           ; /home/matheus/Programas/altera/13.0sp1/quartus/libraries/megafunctions/dffeea.inc                              ;         ;
; alt_counter_stratix.inc          ; yes             ; Megafunction                           ; /home/matheus/Programas/altera/13.0sp1/quartus/libraries/megafunctions/alt_counter_stratix.inc                 ;         ;
; db/cntr_t0k.tdf                  ; yes             ; Auto-Generated Megafunction            ; /home/matheus/Documents/Unifei/Periodo_6/ELT013 - Eletronica Digital II/Pratica/Projeto/db/cntr_t0k.tdf        ;         ;
; lpm_add_sub.tdf                  ; yes             ; Megafunction                           ; /home/matheus/Programas/altera/13.0sp1/quartus/libraries/megafunctions/lpm_add_sub.tdf                         ;         ;
; addcore.inc                      ; yes             ; Megafunction                           ; /home/matheus/Programas/altera/13.0sp1/quartus/libraries/megafunctions/addcore.inc                             ;         ;
; look_add.inc                     ; yes             ; Megafunction                           ; /home/matheus/Programas/altera/13.0sp1/quartus/libraries/megafunctions/look_add.inc                            ;         ;
; bypassff.inc                     ; yes             ; Megafunction                           ; /home/matheus/Programas/altera/13.0sp1/quartus/libraries/megafunctions/bypassff.inc                            ;         ;
; altshift.inc                     ; yes             ; Megafunction                           ; /home/matheus/Programas/altera/13.0sp1/quartus/libraries/megafunctions/altshift.inc                            ;         ;
; alt_stratix_add_sub.inc          ; yes             ; Megafunction                           ; /home/matheus/Programas/altera/13.0sp1/quartus/libraries/megafunctions/alt_stratix_add_sub.inc                 ;         ;
; db/add_sub_3lg.tdf               ; yes             ; Auto-Generated Megafunction            ; /home/matheus/Documents/Unifei/Periodo_6/ELT013 - Eletronica Digital II/Pratica/Projeto/db/add_sub_3lg.tdf     ;         ;
+----------------------------------+-----------------+----------------------------------------+----------------------------------------------------------------------------------------------------------------+---------+


+---------------------------------------------+
; Analysis & Synthesis Resource Usage Summary ;
+--------------------------+------------------+
; Resource                 ; Usage            ;
+--------------------------+------------------+
; I/O pins                 ; 19               ;
; Total memory bits        ; 2048             ;
; DSP block 9-bit elements ; 0                ;
; Maximum fan-out node     ; Clock~input      ;
; Maximum fan-out          ; 250              ;
; Total fan-out            ; 2025             ;
; Average fan-out          ; 3.38             ;
+--------------------------+------------------+


+----------------------------------------------------------------------------------------------------------------------------------------------------------------------------------------------------------------------------------------------------------------------------------------------------------------+
; Analysis & Synthesis Resource Utilization by Entity                                                                                                                                                                                                                                                            ;
+-----------------------------------------------+-------------------+--------------+-------------+--------------+---------+-----------+-----------+------+--------------+-------------------------------------------------------------------------------------------------------------------------+--------------+
; Compilation Hierarchy Node                    ; LC Combinationals ; LC Registers ; Memory Bits ; DSP Elements ; DSP 9x9 ; DSP 18x18 ; DSP 36x36 ; Pins ; Virtual Pins ; Full Hierarchy Name                                                                                                     ; Library Name ;
+-----------------------------------------------+-------------------+--------------+-------------+--------------+---------+-----------+-----------+------+--------------+-------------------------------------------------------------------------------------------------------------------------+--------------+
; |SystemIR                                     ; 311 (3)           ; 234 (0)      ; 2048        ; 0            ; 0       ; 0         ; 0         ; 19   ; 0            ; |SystemIR                                                                                                               ; work         ;
;    |ProcessorIR:PROC|                         ; 308 (5)           ; 218 (1)      ; 0           ; 0            ; 0       ; 0         ; 0         ; 0    ; 0            ; |SystemIR|ProcessorIR:PROC                                                                                              ; work         ;
;       |Addsub:AddSubBlock|                    ; 16 (0)            ; 0 (0)        ; 0           ; 0            ; 0       ; 0         ; 0         ; 0    ; 0            ; |SystemIR|ProcessorIR:PROC|Addsub:AddSubBlock                                                                           ; work         ;
;          |lpm_add_sub:LPM_ADD_SUB_component|  ; 16 (0)            ; 0 (0)        ; 0           ; 0            ; 0       ; 0         ; 0         ; 0    ; 0            ; |SystemIR|ProcessorIR:PROC|Addsub:AddSubBlock|lpm_add_sub:LPM_ADD_SUB_component                                         ; work         ;
;             |add_sub_3lg:auto_generated|      ; 16 (16)           ; 0 (0)        ; 0           ; 0            ; 0       ; 0         ; 0         ; 0    ; 0            ; |SystemIR|ProcessorIR:PROC|Addsub:AddSubBlock|lpm_add_sub:LPM_ADD_SUB_component|add_sub_3lg:auto_generated              ; work         ;
;       |CU:ControlUnityBlock|                  ; 120 (120)         ; 21 (21)      ; 0           ; 0            ; 0       ; 0         ; 0         ; 0    ; 0            ; |SystemIR|ProcessorIR:PROC|CU:ControlUnityBlock                                                                         ; work         ;
;       |Mux:Multiplexar|                       ; 133 (133)         ; 0 (0)        ; 0           ; 0            ; 0       ; 0         ; 0         ; 0    ; 0            ; |SystemIR|ProcessorIR:PROC|Mux:Multiplexar                                                                              ; work         ;
;       |ProgramCounter:ProgramCounterBlock|    ; 17 (0)            ; 16 (0)       ; 0           ; 0            ; 0       ; 0         ; 0         ; 0    ; 0            ; |SystemIR|ProcessorIR:PROC|ProgramCounter:ProgramCounterBlock                                                           ; work         ;
;          |lpm_counter:LPM_COUNTER_component|  ; 17 (0)            ; 16 (0)       ; 0           ; 0            ; 0       ; 0         ; 0         ; 0    ; 0            ; |SystemIR|ProcessorIR:PROC|ProgramCounter:ProgramCounterBlock|lpm_counter:LPM_COUNTER_component                         ; work         ;
;             |cntr_t0k:auto_generated|         ; 17 (17)           ; 16 (16)      ; 0           ; 0            ; 0       ; 0         ; 0         ; 0    ; 0            ; |SystemIR|ProcessorIR:PROC|ProgramCounter:ProgramCounterBlock|lpm_counter:LPM_COUNTER_component|cntr_t0k:auto_generated ; work         ;
;       |registern:ADDR_Register|               ; 0 (0)             ; 11 (11)      ; 0           ; 0            ; 0       ; 0         ; 0         ; 0    ; 0            ; |SystemIR|ProcessorIR:PROC|registern:ADDR_Register                                                                      ; work         ;
;       |registern:AcumulatorRegister|          ; 0 (0)             ; 16 (16)      ; 0           ; 0            ; 0       ; 0         ; 0         ; 0    ; 0            ; |SystemIR|ProcessorIR:PROC|registern:AcumulatorRegister                                                                 ; work         ;
;       |registern:DOUT_Register|               ; 0 (0)             ; 16 (16)      ; 0           ; 0            ; 0       ; 0         ; 0         ; 0    ; 0            ; |SystemIR|ProcessorIR:PROC|registern:DOUT_Register                                                                      ; work         ;
;       |registern:IntructionRegister|          ; 0 (0)             ; 9 (9)        ; 0           ; 0            ; 0       ; 0         ; 0         ; 0    ; 0            ; |SystemIR|ProcessorIR:PROC|registern:IntructionRegister                                                                 ; work         ;
;       |registern:\REGISTERS:0:RegisterBlocks| ; 0 (0)             ; 16 (16)      ; 0           ; 0            ; 0       ; 0         ; 0         ; 0    ; 0            ; |SystemIR|ProcessorIR:PROC|registern:\REGISTERS:0:RegisterBlocks                                                        ; work         ;
;       |registern:\REGISTERS:1:RegisterBlocks| ; 0 (0)             ; 16 (16)      ; 0           ; 0            ; 0       ; 0         ; 0         ; 0    ; 0            ; |SystemIR|ProcessorIR:PROC|registern:\REGISTERS:1:RegisterBlocks                                                        ; work         ;
;       |registern:\REGISTERS:2:RegisterBlocks| ; 0 (0)             ; 16 (16)      ; 0           ; 0            ; 0       ; 0         ; 0         ; 0    ; 0            ; |SystemIR|ProcessorIR:PROC|registern:\REGISTERS:2:RegisterBlocks                                                        ; work         ;
;       |registern:\REGISTERS:3:RegisterBlocks| ; 0 (0)             ; 16 (16)      ; 0           ; 0            ; 0       ; 0         ; 0         ; 0    ; 0            ; |SystemIR|ProcessorIR:PROC|registern:\REGISTERS:3:RegisterBlocks                                                        ; work         ;
;       |registern:\REGISTERS:4:RegisterBlocks| ; 0 (0)             ; 16 (16)      ; 0           ; 0            ; 0       ; 0         ; 0         ; 0    ; 0            ; |SystemIR|ProcessorIR:PROC|registern:\REGISTERS:4:RegisterBlocks                                                        ; work         ;
;       |registern:\REGISTERS:5:RegisterBlocks| ; 0 (0)             ; 16 (16)      ; 0           ; 0            ; 0       ; 0         ; 0         ; 0    ; 0            ; |SystemIR|ProcessorIR:PROC|registern:\REGISTERS:5:RegisterBlocks                                                        ; work         ;
;       |registern:\REGISTERS:6:RegisterBlocks| ; 0 (0)             ; 16 (16)      ; 0           ; 0            ; 0       ; 0         ; 0         ; 0    ; 0            ; |SystemIR|ProcessorIR:PROC|registern:\REGISTERS:6:RegisterBlocks                                                        ; work         ;
;       |registern:addSubRegister|              ; 17 (17)           ; 16 (16)      ; 0           ; 0            ; 0       ; 0         ; 0         ; 0    ; 0            ; |SystemIR|ProcessorIR:PROC|registern:addSubRegister                                                                     ; work         ;
;    |RAM:MEMORY|                               ; 0 (0)             ; 0 (0)        ; 2048        ; 0            ; 0       ; 0         ; 0         ; 0    ; 0            ; |SystemIR|RAM:MEMORY                                                                                                    ; work         ;
;       |altsyncram:altsyncram_component|       ; 0 (0)             ; 0 (0)        ; 2048        ; 0            ; 0       ; 0         ; 0         ; 0    ; 0            ; |SystemIR|RAM:MEMORY|altsyncram:altsyncram_component                                                                    ; work         ;
;          |altsyncram_ish1:auto_generated|     ; 0 (0)             ; 0 (0)        ; 2048        ; 0            ; 0       ; 0         ; 0         ; 0    ; 0            ; |SystemIR|RAM:MEMORY|altsyncram:altsyncram_component|altsyncram_ish1:auto_generated                                     ; work         ;
;    |registern:LEDREGISTER|                    ; 0 (0)             ; 16 (16)      ; 0           ; 0            ; 0       ; 0         ; 0         ; 0    ; 0            ; |SystemIR|registern:LEDREGISTER                                                                                         ; work         ;
+-----------------------------------------------+-------------------+--------------+-------------+--------------+---------+-----------+-----------+------+--------------+-------------------------------------------------------------------------------------------------------------------------+--------------+
Note: For table entries with two numbers listed, the numbers in parentheses indicate the number of resources of the given type used by the specific entity alone. The numbers listed outside of parentheses indicate the total resources of the given type used by the specific entity and all of its sub-entities in the hierarchy.


+---------------------------------------------------------------------------------------------------------------------------------------------------------------------------------------------+
; Analysis & Synthesis RAM Summary                                                                                                                                                            ;
+--------------------------------------------------------------------------------------+------+-------------+--------------+--------------+--------------+--------------+------+--------------+
; Name                                                                                 ; Type ; Mode        ; Port A Depth ; Port A Width ; Port B Depth ; Port B Width ; Size ; MIF          ;
+--------------------------------------------------------------------------------------+------+-------------+--------------+--------------+--------------+--------------+------+--------------+
; RAM:MEMORY|altsyncram:altsyncram_component|altsyncram_ish1:auto_generated|ALTSYNCRAM ; AUTO ; Single Port ; 128          ; 16           ; --           ; --           ; 2048 ; inst_mem.mif ;
+--------------------------------------------------------------------------------------+------+-------------+--------------+--------------+--------------+--------------+------+--------------+


+--------------------------------------------------------------------------------------------------------------------------------------------------------------------------------------------------------------------------------------------+
; Analysis & Synthesis IP Cores Summary                                                                                                                                                                                                      ;
+--------+--------------+---------+--------------+--------------+---------------------------------------------------------------+------------------------------------------------------------------------------------------------------------+
; Vendor ; IP Core Name ; Version ; Release Date ; License Type ; Entity Instance                                               ; IP Include File                                                                                            ;
+--------+--------------+---------+--------------+--------------+---------------------------------------------------------------+------------------------------------------------------------------------------------------------------------+
; Altera ; RAM: 1-PORT  ; N/A     ; N/A          ; N/A          ; |SystemIR|RAM:MEMORY                                          ; /home/matheus/Documents/Unifei/Periodo_6/ELT013 - Eletronica Digital II/Pratica/Projeto/RAM.vhd            ;
; Altera ; LPM_ADD_SUB  ; N/A     ; N/A          ; N/A          ; |SystemIR|ProcessorIR:PROC|Addsub:AddSubBlock                 ; /home/matheus/Documents/Unifei/Periodo_6/ELT013 - Eletronica Digital II/Pratica/Projeto/Addsub.vhd         ;
; Altera ; LPM_COUNTER  ; N/A     ; N/A          ; N/A          ; |SystemIR|ProcessorIR:PROC|ProgramCounter:ProgramCounterBlock ; /home/matheus/Documents/Unifei/Periodo_6/ELT013 - Eletronica Digital II/Pratica/Projeto/ProgramCounter.vhd ;
+--------+--------------+---------+--------------+--------------+---------------------------------------------------------------+------------------------------------------------------------------------------------------------------------+


Encoding Type:  One-Hot
+------------------------------------------------------------------------------------------------------------------------------------------------------------------------------------------------------------------------------------------------------------------+
; State Machine - |SystemIR|ProcessorIR:PROC|CU:ControlUnityBlock|present_state                                                                                                                                                                                    ;
+--------------------------------+----------------------+-----------------------+--------------------+---------------------------+------------------------+-----------------------------+--------------------+--------------------------------+--------------------+
; Name                           ; present_state.movenz ; present_state.storage ; present_state.load ; present_state.subtraction ; present_state.addition ; present_state.loadImmediate ; present_state.move ; present_state.fetchInstruction ; present_state.idle ;
+--------------------------------+----------------------+-----------------------+--------------------+---------------------------+------------------------+-----------------------------+--------------------+--------------------------------+--------------------+
; present_state.idle             ; 0                    ; 0                     ; 0                  ; 0                         ; 0                      ; 0                           ; 0                  ; 0                              ; 0                  ;
; present_state.fetchInstruction ; 0                    ; 0                     ; 0                  ; 0                         ; 0                      ; 0                           ; 0                  ; 1                              ; 1                  ;
; present_state.move             ; 0                    ; 0                     ; 0                  ; 0                         ; 0                      ; 0                           ; 1                  ; 0                              ; 1                  ;
; present_state.loadImmediate    ; 0                    ; 0                     ; 0                  ; 0                         ; 0                      ; 1                           ; 0                  ; 0                              ; 1                  ;
; present_state.addition         ; 0                    ; 0                     ; 0                  ; 0                         ; 1                      ; 0                           ; 0                  ; 0                              ; 1                  ;
; present_state.subtraction      ; 0                    ; 0                     ; 0                  ; 1                         ; 0                      ; 0                           ; 0                  ; 0                              ; 1                  ;
; present_state.load             ; 0                    ; 0                     ; 1                  ; 0                         ; 0                      ; 0                           ; 0                  ; 0                              ; 1                  ;
; present_state.storage          ; 0                    ; 1                     ; 0                  ; 0                         ; 0                      ; 0                           ; 0                  ; 0                              ; 1                  ;
; present_state.movenz           ; 1                    ; 0                     ; 0                  ; 0                         ; 0                      ; 0                           ; 0                  ; 0                              ; 1                  ;
+--------------------------------+----------------------+-----------------------+--------------------+---------------------------+------------------------+-----------------------------+--------------------+--------------------------------+--------------------+


Encoding Type:  One-Hot
+------------------------------------------------------------------------------------------------------------------------------------------------------------------------------------------------------------------------------------+
; State Machine - |SystemIR|ProcessorIR:PROC|CU:ControlUnityBlock|next_state                                                                                                                                                         ;
+-----------------------------+-------------------+--------------------+-----------------+------------------------+---------------------+--------------------------+-----------------+-----------------+-----------------------------+
; Name                        ; next_state.movenz ; next_state.storage ; next_state.load ; next_state.subtraction ; next_state.addition ; next_state.loadImmediate ; next_state.move ; next_state.idle ; next_state.fetchInstruction ;
+-----------------------------+-------------------+--------------------+-----------------+------------------------+---------------------+--------------------------+-----------------+-----------------+-----------------------------+
; next_state.fetchInstruction ; 0                 ; 0                  ; 0               ; 0                      ; 0                   ; 0                        ; 0               ; 0               ; 0                           ;
; next_state.idle             ; 0                 ; 0                  ; 0               ; 0                      ; 0                   ; 0                        ; 0               ; 1               ; 1                           ;
; next_state.move             ; 0                 ; 0                  ; 0               ; 0                      ; 0                   ; 0                        ; 1               ; 0               ; 1                           ;
; next_state.loadImmediate    ; 0                 ; 0                  ; 0               ; 0                      ; 0                   ; 1                        ; 0               ; 0               ; 1                           ;
; next_state.addition         ; 0                 ; 0                  ; 0               ; 0                      ; 1                   ; 0                        ; 0               ; 0               ; 1                           ;
; next_state.subtraction      ; 0                 ; 0                  ; 0               ; 1                      ; 0                   ; 0                        ; 0               ; 0               ; 1                           ;
; next_state.load             ; 0                 ; 0                  ; 1               ; 0                      ; 0                   ; 0                        ; 0               ; 0               ; 1                           ;
; next_state.storage          ; 0                 ; 1                  ; 0               ; 0                      ; 0                   ; 0                        ; 0               ; 0               ; 1                           ;
; next_state.movenz           ; 1                 ; 0                  ; 0               ; 0                      ; 0                   ; 0                        ; 0               ; 0               ; 1                           ;
+-----------------------------+-------------------+--------------------+-----------------+------------------------+---------------------+--------------------------+-----------------+-----------------+-----------------------------+


+------------------------------------------------------+
; General Register Statistics                          ;
+----------------------------------------------+-------+
; Statistic                                    ; Value ;
+----------------------------------------------+-------+
; Total registers                              ; 234   ;
; Number of registers using Synchronous Clear  ; 0     ;
; Number of registers using Synchronous Load   ; 23    ;
; Number of registers using Asynchronous Clear ; 37    ;
; Number of registers using Asynchronous Load  ; 0     ;
; Number of registers using Clock Enable       ; 215   ;
; Number of registers using Preset             ; 0     ;
+----------------------------------------------+-------+


+--------------------------------------------------------------------------------------------------------------------------------------------------------------------------+
; Multiplexer Restructuring Statistics (Restructuring Performed)                                                                                                           ;
+--------------------+-----------+---------------+----------------------+------------------------+------------+------------------------------------------------------------+
; Multiplexer Inputs ; Bus Width ; Baseline Area ; Area if Restructured ; Saving if Restructured ; Registered ; Example Multiplexer Output                                 ;
+--------------------+-----------+---------------+----------------------+------------------------+------------+------------------------------------------------------------+
; 7:1                ; 8 bits    ; 32 LEs        ; 8 LEs                ; 24 LEs                 ; No         ; |SystemIR|ProcessorIR:PROC|CU:ControlUnityBlock|Selector19 ;
; 11:1               ; 16 bits   ; 112 LEs       ; 112 LEs              ; 0 LEs                  ; No         ; |SystemIR|ProcessorIR:PROC|Mux:Multiplexar|Selector10      ;
; 9:1                ; 6 bits    ; 36 LEs        ; 12 LEs               ; 24 LEs                 ; No         ; |SystemIR|ProcessorIR:PROC|CU:ControlUnityBlock|Selector6  ;
; 9:1                ; 8 bits    ; 48 LEs        ; 24 LEs               ; 24 LEs                 ; No         ; |SystemIR|ProcessorIR:PROC|CU:ControlUnityBlock|Selector31 ;
; 11:1               ; 2 bits    ; 14 LEs        ; 4 LEs                ; 10 LEs                 ; No         ; |SystemIR|ProcessorIR:PROC|CU:ControlUnityBlock|Selector4  ;
+--------------------+-----------+---------------+----------------------+------------------------+------------+------------------------------------------------------------+


+--------------------------------------------------------------------------------------------------+
; Source assignments for RAM:MEMORY|altsyncram:altsyncram_component|altsyncram_ish1:auto_generated ;
+---------------------------------+--------------------+------+------------------------------------+
; Assignment                      ; Value              ; From ; To                                 ;
+---------------------------------+--------------------+------+------------------------------------+
; OPTIMIZE_POWER_DURING_SYNTHESIS ; NORMAL_COMPILATION ; -    ; -                                  ;
+---------------------------------+--------------------+------+------------------------------------+


+-----------------------------------------------------------------------------------------+
; Parameter Settings for User Entity Instance: RAM:MEMORY|altsyncram:altsyncram_component ;
+------------------------------------+----------------------+-----------------------------+
; Parameter Name                     ; Value                ; Type                        ;
+------------------------------------+----------------------+-----------------------------+
; BYTE_SIZE_BLOCK                    ; 8                    ; Untyped                     ;
; AUTO_CARRY_CHAINS                  ; ON                   ; AUTO_CARRY                  ;
; IGNORE_CARRY_BUFFERS               ; OFF                  ; IGNORE_CARRY                ;
; AUTO_CASCADE_CHAINS                ; ON                   ; AUTO_CASCADE                ;
; IGNORE_CASCADE_BUFFERS             ; OFF                  ; IGNORE_CASCADE              ;
; WIDTH_BYTEENA                      ; 1                    ; Untyped                     ;
; OPERATION_MODE                     ; SINGLE_PORT          ; Untyped                     ;
; WIDTH_A                            ; 16                   ; Signed Integer              ;
; WIDTHAD_A                          ; 7                    ; Signed Integer              ;
; NUMWORDS_A                         ; 128                  ; Signed Integer              ;
; OUTDATA_REG_A                      ; CLOCK0               ; Untyped                     ;
; ADDRESS_ACLR_A                     ; NONE                 ; Untyped                     ;
; OUTDATA_ACLR_A                     ; NONE                 ; Untyped                     ;
; WRCONTROL_ACLR_A                   ; NONE                 ; Untyped                     ;
; INDATA_ACLR_A                      ; NONE                 ; Untyped                     ;
; BYTEENA_ACLR_A                     ; NONE                 ; Untyped                     ;
; WIDTH_B                            ; 1                    ; Untyped                     ;
; WIDTHAD_B                          ; 1                    ; Untyped                     ;
; NUMWORDS_B                         ; 1                    ; Untyped                     ;
; INDATA_REG_B                       ; CLOCK1               ; Untyped                     ;
; WRCONTROL_WRADDRESS_REG_B          ; CLOCK1               ; Untyped                     ;
; RDCONTROL_REG_B                    ; CLOCK1               ; Untyped                     ;
; ADDRESS_REG_B                      ; CLOCK1               ; Untyped                     ;
; OUTDATA_REG_B                      ; UNREGISTERED         ; Untyped                     ;
; BYTEENA_REG_B                      ; CLOCK1               ; Untyped                     ;
; INDATA_ACLR_B                      ; NONE                 ; Untyped                     ;
; WRCONTROL_ACLR_B                   ; NONE                 ; Untyped                     ;
; ADDRESS_ACLR_B                     ; NONE                 ; Untyped                     ;
; OUTDATA_ACLR_B                     ; NONE                 ; Untyped                     ;
; RDCONTROL_ACLR_B                   ; NONE                 ; Untyped                     ;
; BYTEENA_ACLR_B                     ; NONE                 ; Untyped                     ;
; WIDTH_BYTEENA_A                    ; 1                    ; Signed Integer              ;
; WIDTH_BYTEENA_B                    ; 1                    ; Untyped                     ;
; RAM_BLOCK_TYPE                     ; AUTO                 ; Untyped                     ;
; BYTE_SIZE                          ; 8                    ; Untyped                     ;
; READ_DURING_WRITE_MODE_MIXED_PORTS ; DONT_CARE            ; Untyped                     ;
; READ_DURING_WRITE_MODE_PORT_A      ; NEW_DATA_NO_NBE_READ ; Untyped                     ;
; READ_DURING_WRITE_MODE_PORT_B      ; NEW_DATA_NO_NBE_READ ; Untyped                     ;
; INIT_FILE                          ; inst_mem.mif         ; Untyped                     ;
; INIT_FILE_LAYOUT                   ; PORT_A               ; Untyped                     ;
; MAXIMUM_DEPTH                      ; 0                    ; Untyped                     ;
; CLOCK_ENABLE_INPUT_A               ; BYPASS               ; Untyped                     ;
; CLOCK_ENABLE_INPUT_B               ; NORMAL               ; Untyped                     ;
; CLOCK_ENABLE_OUTPUT_A              ; BYPASS               ; Untyped                     ;
; CLOCK_ENABLE_OUTPUT_B              ; NORMAL               ; Untyped                     ;
; CLOCK_ENABLE_CORE_A                ; USE_INPUT_CLKEN      ; Untyped                     ;
; CLOCK_ENABLE_CORE_B                ; USE_INPUT_CLKEN      ; Untyped                     ;
; ENABLE_ECC                         ; FALSE                ; Untyped                     ;
; ECC_PIPELINE_STAGE_ENABLED         ; FALSE                ; Untyped                     ;
; WIDTH_ECCSTATUS                    ; 3                    ; Untyped                     ;
; DEVICE_FAMILY                      ; Cyclone IV GX        ; Untyped                     ;
; CBXI_PARAMETER                     ; altsyncram_ish1      ; Untyped                     ;
+------------------------------------+----------------------+-----------------------------+
Note: In order to hide this table in the UI and the text report file, please set the "Show Parameter Settings in Synthesis Report" option in "Analysis and Synthesis Settings -> More Settings" to "Off".


+-----------------------------------------------------------------------------------------------------+
; Parameter Settings for User Entity Instance: ProcessorIR:PROC|registern:\REGISTERS:6:RegisterBlocks ;
+----------------+-------+----------------------------------------------------------------------------+
; Parameter Name ; Value ; Type                                                                       ;
+----------------+-------+----------------------------------------------------------------------------+
; n              ; 16    ; Signed Integer                                                             ;
+----------------+-------+----------------------------------------------------------------------------+
Note: In order to hide this table in the UI and the text report file, please set the "Show Parameter Settings in Synthesis Report" option in "Analysis and Synthesis Settings -> More Settings" to "Off".


+-----------------------------------------------------------------------------------------------------+
; Parameter Settings for User Entity Instance: ProcessorIR:PROC|registern:\REGISTERS:5:RegisterBlocks ;
+----------------+-------+----------------------------------------------------------------------------+
; Parameter Name ; Value ; Type                                                                       ;
+----------------+-------+----------------------------------------------------------------------------+
; n              ; 16    ; Signed Integer                                                             ;
+----------------+-------+----------------------------------------------------------------------------+
Note: In order to hide this table in the UI and the text report file, please set the "Show Parameter Settings in Synthesis Report" option in "Analysis and Synthesis Settings -> More Settings" to "Off".


+-----------------------------------------------------------------------------------------------------+
; Parameter Settings for User Entity Instance: ProcessorIR:PROC|registern:\REGISTERS:4:RegisterBlocks ;
+----------------+-------+----------------------------------------------------------------------------+
; Parameter Name ; Value ; Type                                                                       ;
+----------------+-------+----------------------------------------------------------------------------+
; n              ; 16    ; Signed Integer                                                             ;
+----------------+-------+----------------------------------------------------------------------------+
Note: In order to hide this table in the UI and the text report file, please set the "Show Parameter Settings in Synthesis Report" option in "Analysis and Synthesis Settings -> More Settings" to "Off".


+-----------------------------------------------------------------------------------------------------+
; Parameter Settings for User Entity Instance: ProcessorIR:PROC|registern:\REGISTERS:3:RegisterBlocks ;
+----------------+-------+----------------------------------------------------------------------------+
; Parameter Name ; Value ; Type                                                                       ;
+----------------+-------+----------------------------------------------------------------------------+
; n              ; 16    ; Signed Integer                                                             ;
+----------------+-------+----------------------------------------------------------------------------+
Note: In order to hide this table in the UI and the text report file, please set the "Show Parameter Settings in Synthesis Report" option in "Analysis and Synthesis Settings -> More Settings" to "Off".


+-----------------------------------------------------------------------------------------------------+
; Parameter Settings for User Entity Instance: ProcessorIR:PROC|registern:\REGISTERS:2:RegisterBlocks ;
+----------------+-------+----------------------------------------------------------------------------+
; Parameter Name ; Value ; Type                                                                       ;
+----------------+-------+----------------------------------------------------------------------------+
; n              ; 16    ; Signed Integer                                                             ;
+----------------+-------+----------------------------------------------------------------------------+
Note: In order to hide this table in the UI and the text report file, please set the "Show Parameter Settings in Synthesis Report" option in "Analysis and Synthesis Settings -> More Settings" to "Off".


+-----------------------------------------------------------------------------------------------------+
; Parameter Settings for User Entity Instance: ProcessorIR:PROC|registern:\REGISTERS:1:RegisterBlocks ;
+----------------+-------+----------------------------------------------------------------------------+
; Parameter Name ; Value ; Type                                                                       ;
+----------------+-------+----------------------------------------------------------------------------+
; n              ; 16    ; Signed Integer                                                             ;
+----------------+-------+----------------------------------------------------------------------------+
Note: In order to hide this table in the UI and the text report file, please set the "Show Parameter Settings in Synthesis Report" option in "Analysis and Synthesis Settings -> More Settings" to "Off".


+-----------------------------------------------------------------------------------------------------+
; Parameter Settings for User Entity Instance: ProcessorIR:PROC|registern:\REGISTERS:0:RegisterBlocks ;
+----------------+-------+----------------------------------------------------------------------------+
; Parameter Name ; Value ; Type                                                                       ;
+----------------+-------+----------------------------------------------------------------------------+
; n              ; 16    ; Signed Integer                                                             ;
+----------------+-------+----------------------------------------------------------------------------+
Note: In order to hide this table in the UI and the text report file, please set the "Show Parameter Settings in Synthesis Report" option in "Analysis and Synthesis Settings -> More Settings" to "Off".


+------------------------------------------------------------------------------------------------------------------------------------+
; Parameter Settings for User Entity Instance: ProcessorIR:PROC|ProgramCounter:ProgramCounterBlock|lpm_counter:LPM_COUNTER_component ;
+------------------------+---------------+-------------------------------------------------------------------------------------------+
; Parameter Name         ; Value         ; Type                                                                                      ;
+------------------------+---------------+-------------------------------------------------------------------------------------------+
; AUTO_CARRY_CHAINS      ; ON            ; AUTO_CARRY                                                                                ;
; IGNORE_CARRY_BUFFERS   ; OFF           ; IGNORE_CARRY                                                                              ;
; AUTO_CASCADE_CHAINS    ; ON            ; AUTO_CASCADE                                                                              ;
; IGNORE_CASCADE_BUFFERS ; OFF           ; IGNORE_CASCADE                                                                            ;
; LPM_WIDTH              ; 16            ; Signed Integer                                                                            ;
; LPM_DIRECTION          ; UP            ; Untyped                                                                                   ;
; LPM_MODULUS            ; 0             ; Untyped                                                                                   ;
; LPM_AVALUE             ; UNUSED        ; Untyped                                                                                   ;
; LPM_SVALUE             ; UNUSED        ; Untyped                                                                                   ;
; LPM_PORT_UPDOWN        ; PORT_UNUSED   ; Untyped                                                                                   ;
; DEVICE_FAMILY          ; Cyclone IV GX ; Untyped                                                                                   ;
; CARRY_CHAIN            ; MANUAL        ; Untyped                                                                                   ;
; CARRY_CHAIN_LENGTH     ; 48            ; CARRY_CHAIN_LENGTH                                                                        ;
; NOT_GATE_PUSH_BACK     ; ON            ; NOT_GATE_PUSH_BACK                                                                        ;
; CARRY_CNT_EN           ; SMART         ; Untyped                                                                                   ;
; LABWIDE_SCLR           ; ON            ; Untyped                                                                                   ;
; USE_NEW_VERSION        ; TRUE          ; Untyped                                                                                   ;
; CBXI_PARAMETER         ; cntr_t0k      ; Untyped                                                                                   ;
+------------------------+---------------+-------------------------------------------------------------------------------------------+
Note: In order to hide this table in the UI and the text report file, please set the "Show Parameter Settings in Synthesis Report" option in "Analysis and Synthesis Settings -> More Settings" to "Off".


+--------------------------------------------------------------------------------------------+
; Parameter Settings for User Entity Instance: ProcessorIR:PROC|registern:IntructionRegister ;
+----------------+-------+-------------------------------------------------------------------+
; Parameter Name ; Value ; Type                                                              ;
+----------------+-------+-------------------------------------------------------------------+
; n              ; 9     ; Signed Integer                                                    ;
+----------------+-------+-------------------------------------------------------------------+
Note: In order to hide this table in the UI and the text report file, please set the "Show Parameter Settings in Synthesis Report" option in "Analysis and Synthesis Settings -> More Settings" to "Off".


+----------------------------------------------------------------------------------------+
; Parameter Settings for User Entity Instance: ProcessorIR:PROC|registern:addSubRegister ;
+----------------+-------+---------------------------------------------------------------+
; Parameter Name ; Value ; Type                                                          ;
+----------------+-------+---------------------------------------------------------------+
; n              ; 16    ; Signed Integer                                                ;
+----------------+-------+---------------------------------------------------------------+
Note: In order to hide this table in the UI and the text report file, please set the "Show Parameter Settings in Synthesis Report" option in "Analysis and Synthesis Settings -> More Settings" to "Off".


+--------------------------------------------------------------------------------------------+
; Parameter Settings for User Entity Instance: ProcessorIR:PROC|registern:AcumulatorRegister ;
+----------------+-------+-------------------------------------------------------------------+
; Parameter Name ; Value ; Type                                                              ;
+----------------+-------+-------------------------------------------------------------------+
; n              ; 16    ; Signed Integer                                                    ;
+----------------+-------+-------------------------------------------------------------------+
Note: In order to hide this table in the UI and the text report file, please set the "Show Parameter Settings in Synthesis Report" option in "Analysis and Synthesis Settings -> More Settings" to "Off".


+---------------------------------------------------------------------------------------+
; Parameter Settings for User Entity Instance: ProcessorIR:PROC|registern:ADDR_Register ;
+----------------+-------+--------------------------------------------------------------+
; Parameter Name ; Value ; Type                                                         ;
+----------------+-------+--------------------------------------------------------------+
; n              ; 16    ; Signed Integer                                               ;
+----------------+-------+--------------------------------------------------------------+
Note: In order to hide this table in the UI and the text report file, please set the "Show Parameter Settings in Synthesis Report" option in "Analysis and Synthesis Settings -> More Settings" to "Off".


+---------------------------------------------------------------------------------------+
; Parameter Settings for User Entity Instance: ProcessorIR:PROC|registern:DOUT_Register ;
+----------------+-------+--------------------------------------------------------------+
; Parameter Name ; Value ; Type                                                         ;
+----------------+-------+--------------------------------------------------------------+
; n              ; 16    ; Signed Integer                                               ;
+----------------+-------+--------------------------------------------------------------+
Note: In order to hide this table in the UI and the text report file, please set the "Show Parameter Settings in Synthesis Report" option in "Analysis and Synthesis Settings -> More Settings" to "Off".


+--------------------------------------------------------------------------------------------------------------------+
; Parameter Settings for User Entity Instance: ProcessorIR:PROC|Addsub:AddSubBlock|lpm_add_sub:LPM_ADD_SUB_component ;
+------------------------+---------------+---------------------------------------------------------------------------+
; Parameter Name         ; Value         ; Type                                                                      ;
+------------------------+---------------+---------------------------------------------------------------------------+
; LPM_WIDTH              ; 16            ; Signed Integer                                                            ;
; LPM_REPRESENTATION     ; SIGNED        ; Untyped                                                                   ;
; LPM_DIRECTION          ; DEFAULT       ; Untyped                                                                   ;
; ONE_INPUT_IS_CONSTANT  ; NO            ; Untyped                                                                   ;
; LPM_PIPELINE           ; 0             ; Untyped                                                                   ;
; MAXIMIZE_SPEED         ; 5             ; Untyped                                                                   ;
; REGISTERED_AT_END      ; 0             ; Untyped                                                                   ;
; OPTIMIZE_FOR_SPEED     ; 5             ; Untyped                                                                   ;
; USE_CS_BUFFERS         ; 1             ; Untyped                                                                   ;
; CARRY_CHAIN            ; MANUAL        ; Untyped                                                                   ;
; CARRY_CHAIN_LENGTH     ; 48            ; CARRY_CHAIN_LENGTH                                                        ;
; DEVICE_FAMILY          ; Cyclone IV GX ; Untyped                                                                   ;
; USE_WYS                ; OFF           ; Untyped                                                                   ;
; STYLE                  ; FAST          ; Untyped                                                                   ;
; CBXI_PARAMETER         ; add_sub_3lg   ; Untyped                                                                   ;
; AUTO_CARRY_CHAINS      ; ON            ; AUTO_CARRY                                                                ;
; IGNORE_CARRY_BUFFERS   ; OFF           ; IGNORE_CARRY                                                              ;
; AUTO_CASCADE_CHAINS    ; ON            ; AUTO_CASCADE                                                              ;
; IGNORE_CASCADE_BUFFERS ; OFF           ; IGNORE_CASCADE                                                            ;
+------------------------+---------------+---------------------------------------------------------------------------+
Note: In order to hide this table in the UI and the text report file, please set the "Show Parameter Settings in Synthesis Report" option in "Analysis and Synthesis Settings -> More Settings" to "Off".


+--------------------------------------------------------------------+
; Parameter Settings for User Entity Instance: registern:LEDREGISTER ;
+----------------+-------+-------------------------------------------+
; Parameter Name ; Value ; Type                                      ;
+----------------+-------+-------------------------------------------+
; n              ; 16    ; Signed Integer                            ;
+----------------+-------+-------------------------------------------+
Note: In order to hide this table in the UI and the text report file, please set the "Show Parameter Settings in Synthesis Report" option in "Analysis and Synthesis Settings -> More Settings" to "Off".


+----------------------------------------------------------------------------------------+
; altsyncram Parameter Settings by Entity Instance                                       ;
+-------------------------------------------+--------------------------------------------+
; Name                                      ; Value                                      ;
+-------------------------------------------+--------------------------------------------+
; Number of entity instances                ; 1                                          ;
; Entity Instance                           ; RAM:MEMORY|altsyncram:altsyncram_component ;
;     -- OPERATION_MODE                     ; SINGLE_PORT                                ;
;     -- WIDTH_A                            ; 16                                         ;
;     -- NUMWORDS_A                         ; 128                                        ;
;     -- OUTDATA_REG_A                      ; CLOCK0                                     ;
;     -- WIDTH_B                            ; 1                                          ;
;     -- NUMWORDS_B                         ; 1                                          ;
;     -- ADDRESS_REG_B                      ; CLOCK1                                     ;
;     -- OUTDATA_REG_B                      ; UNREGISTERED                               ;
;     -- RAM_BLOCK_TYPE                     ; AUTO                                       ;
;     -- READ_DURING_WRITE_MODE_MIXED_PORTS ; DONT_CARE                                  ;
+-------------------------------------------+--------------------------------------------+


+-----------------------------------------------------------------------------------------------------------------------+
; Port Connectivity Checks: "ProcessorIR:PROC"                                                                          ;
+-------------+--------+----------+-------------------------------------------------------------------------------------+
; Port        ; Type   ; Severity ; Details                                                                             ;
+-------------+--------+----------+-------------------------------------------------------------------------------------+
; done        ; Output ; Info     ; Connected to dangling logic. Logic that only feeds a dangling port will be removed. ;
; addr[11..7] ; Output ; Info     ; Connected to dangling logic. Logic that only feeds a dangling port will be removed. ;
+-------------+--------+----------+-------------------------------------------------------------------------------------+


+-------------------------------+
; Elapsed Time Per Partition    ;
+----------------+--------------+
; Partition Name ; Elapsed Time ;
+----------------+--------------+
; Top            ; 00:00:03     ;
+----------------+--------------+


+-------------------------------+
; Analysis & Synthesis Messages ;
+-------------------------------+
Info: *******************************************************************
Info: Running Quartus II 64-Bit Analysis & Synthesis
    Info: Version 13.0.1 Build 232 06/12/2013 Service Pack 1 SJ Web Edition
    Info: Processing started: Sun Dec  8 12:21:05 2013
Info: Command: quartus_map --read_settings_files=on --write_settings_files=off SystemIR -c SystemIR
Warning (20028): Parallel compilation is not licensed and has been disabled
Info (12021): Found 1 design units, including 0 entities, in source file tipos.vhd
    Info (12022): Found design unit 1: tipos
Info (12021): Found 2 design units, including 1 entities, in source file SystemIR.vhd
    Info (12022): Found design unit 1: SystemIR-behavior
    Info (12023): Found entity 1: SystemIR
Info (12021): Found 2 design units, including 1 entities, in source file Registern.vhd
    Info (12022): Found design unit 1: registern-behavior
    Info (12023): Found entity 1: registern
Info (12021): Found 2 design units, including 1 entities, in source file RAM.vhd
    Info (12022): Found design unit 1: ram-SYN
    Info (12023): Found entity 1: RAM
Info (12021): Found 2 design units, including 1 entities, in source file ProgramCounter.vhd
    Info (12022): Found design unit 1: programcounter-SYN
    Info (12023): Found entity 1: ProgramCounter
Info (12021): Found 2 design units, including 1 entities, in source file ProcessorIR.vhd
    Info (12022): Found design unit 1: ProcessorIR-behavior
    Info (12023): Found entity 1: ProcessorIR
Warning (12090): Entity "Mux" obtained from "Mux.vhd" instead of from Quartus II megafunction library
Info (12021): Found 2 design units, including 1 entities, in source file Mux.vhd
    Info (12022): Found design unit 1: Mux-behavior
    Info (12023): Found entity 1: Mux
Info (12021): Found 2 design units, including 1 entities, in source file CU.vhd
    Info (12022): Found design unit 1: CU-behavior
    Info (12023): Found entity 1: CU
Info (12021): Found 2 design units, including 1 entities, in source file Counter.vhd
    Info (12022): Found design unit 1: counter-SYN
    Info (12023): Found entity 1: Counter
Info (12021): Found 2 design units, including 1 entities, in source file Addsub.vhd
    Info (12022): Found design unit 1: addsub-SYN
    Info (12023): Found entity 1: Addsub
Info (12127): Elaborating entity "SystemIR" for the top level hierarchy
Warning (10036): Verilog HDL or VHDL warning at SystemIR.vhd(44): object "Done" assigned a value but never read
Info (12128): Elaborating entity "RAM" for hierarchy "RAM:MEMORY"
Info (12128): Elaborating entity "altsyncram" for hierarchy "RAM:MEMORY|altsyncram:altsyncram_component"
Info (12130): Elaborated megafunction instantiation "RAM:MEMORY|altsyncram:altsyncram_component"
Info (12133): Instantiated megafunction "RAM:MEMORY|altsyncram:altsyncram_component" with the following parameter:
    Info (12134): Parameter "clock_enable_input_a" = "BYPASS"
    Info (12134): Parameter "clock_enable_output_a" = "BYPASS"
    Info (12134): Parameter "init_file" = "inst_mem.mif"
    Info (12134): Parameter "intended_device_family" = "Cyclone IV E"
    Info (12134): Parameter "lpm_hint" = "ENABLE_RUNTIME_MOD=NO"
    Info (12134): Parameter "lpm_type" = "altsyncram"
    Info (12134): Parameter "numwords_a" = "128"
    Info (12134): Parameter "operation_mode" = "SINGLE_PORT"
    Info (12134): Parameter "outdata_aclr_a" = "NONE"
    Info (12134): Parameter "outdata_reg_a" = "CLOCK0"
    Info (12134): Parameter "power_up_uninitialized" = "FALSE"
    Info (12134): Parameter "read_during_write_mode_port_a" = "NEW_DATA_NO_NBE_READ"
    Info (12134): Parameter "widthad_a" = "7"
    Info (12134): Parameter "width_a" = "16"
    Info (12134): Parameter "width_byteena_a" = "1"
Info (12021): Found 1 design units, including 1 entities, in source file db/altsyncram_ish1.tdf
    Info (12023): Found entity 1: altsyncram_ish1
Info (12128): Elaborating entity "altsyncram_ish1" for hierarchy "RAM:MEMORY|altsyncram:altsyncram_component|altsyncram_ish1:auto_generated"
Info (12128): Elaborating entity "ProcessorIR" for hierarchy "ProcessorIR:PROC"
Info (12128): Elaborating entity "registern" for hierarchy "ProcessorIR:PROC|registern:\REGISTERS:6:RegisterBlocks"
Info (12128): Elaborating entity "ProgramCounter" for hierarchy "ProcessorIR:PROC|ProgramCounter:ProgramCounterBlock"
Info (12128): Elaborating entity "lpm_counter" for hierarchy "ProcessorIR:PROC|ProgramCounter:ProgramCounterBlock|lpm_counter:LPM_COUNTER_component"
Info (12130): Elaborated megafunction instantiation "ProcessorIR:PROC|ProgramCounter:ProgramCounterBlock|lpm_counter:LPM_COUNTER_component"
Info (12133): Instantiated megafunction "ProcessorIR:PROC|ProgramCounter:ProgramCounterBlock|lpm_counter:LPM_COUNTER_component" with the following parameter:
    Info (12134): Parameter "lpm_direction" = "UP"
    Info (12134): Parameter "lpm_port_updown" = "PORT_UNUSED"
    Info (12134): Parameter "lpm_type" = "LPM_COUNTER"
    Info (12134): Parameter "lpm_width" = "16"
Info (12021): Found 1 design units, including 1 entities, in source file db/cntr_t0k.tdf
    Info (12023): Found entity 1: cntr_t0k
Info (12128): Elaborating entity "cntr_t0k" for hierarchy "ProcessorIR:PROC|ProgramCounter:ProgramCounterBlock|lpm_counter:LPM_COUNTER_component|cntr_t0k:auto_generated"
Info (12128): Elaborating entity "registern" for hierarchy "ProcessorIR:PROC|registern:IntructionRegister"
Info (12128): Elaborating entity "Mux" for hierarchy "ProcessorIR:PROC|Mux:Multiplexar"
Info (12128): Elaborating entity "Addsub" for hierarchy "ProcessorIR:PROC|Addsub:AddSubBlock"
Info (12128): Elaborating entity "lpm_add_sub" for hierarchy "ProcessorIR:PROC|Addsub:AddSubBlock|lpm_add_sub:LPM_ADD_SUB_component"
Info (12130): Elaborated megafunction instantiation "ProcessorIR:PROC|Addsub:AddSubBlock|lpm_add_sub:LPM_ADD_SUB_component"
Info (12133): Instantiated megafunction "ProcessorIR:PROC|Addsub:AddSubBlock|lpm_add_sub:LPM_ADD_SUB_component" with the following parameter:
    Info (12134): Parameter "lpm_direction" = "UNUSED"
    Info (12134): Parameter "lpm_hint" = "ONE_INPUT_IS_CONSTANT=NO,CIN_USED=NO"
    Info (12134): Parameter "lpm_representation" = "SIGNED"
    Info (12134): Parameter "lpm_type" = "LPM_ADD_SUB"
    Info (12134): Parameter "lpm_width" = "16"
Info (12021): Found 1 design units, including 1 entities, in source file db/add_sub_3lg.tdf
    Info (12023): Found entity 1: add_sub_3lg
Info (12128): Elaborating entity "add_sub_3lg" for hierarchy "ProcessorIR:PROC|Addsub:AddSubBlock|lpm_add_sub:LPM_ADD_SUB_component|add_sub_3lg:auto_generated"
Info (12128): Elaborating entity "CU" for hierarchy "ProcessorIR:PROC|CU:ControlUnityBlock"
Info (286030): Timing-Driven Synthesis is running
Info (16010): Generating hard_block partition "hard_block:auto_generated_inst"
    Info (16011): Adding 0 node(s), including 0 DDIO, 0 PLL, 0 transceiver and 0 LCELL
Info (21057): Implemented 535 device resources after synthesis - the final resource count might be different
    Info (21058): Implemented 3 input pins
    Info (21059): Implemented 16 output pins
    Info (21061): Implemented 500 logic cells
    Info (21064): Implemented 16 RAM segments
Info: Quartus II 64-Bit Analysis & Synthesis was successful. 0 errors, 3 warnings
    Info: Peak virtual memory: 749 megabytes
    Info: Processing ended: Sun Dec  8 12:21:16 2013
    Info: Elapsed time: 00:00:11
    Info: Total CPU time (on all processors): 00:00:05


