Flow report for SystemIR
Sun Dec  8 12:22:10 2013
Quartus II 64-Bit Version 13.0.1 Build 232 06/12/2013 Service Pack 1 SJ Web Edition


---------------------
; Table of Contents ;
---------------------
  1. Legal Notice
  2. Flow Summary
  3. Flow Settings
  4. Flow Non-Default Global Settings
  5. Flow Elapsed Time
  6. Flow OS Summary
  7. Flow Log
  8. Flow Messages
  9. Flow Suppressed Messages



----------------
; Legal Notice ;
----------------
Copyright (C) 1991-2013 Altera Corporation
Your use of Altera Corporation's design tools, logic functions 
and other software and tools, and its AMPP partner logic 
functions, and any output files from any of the foregoing 
(including device programming or simulation files), and any 
associated documentation or information are expressly subject 
to the terms and conditions of the Altera Program License 
Subscription Agreement, Altera MegaCore Function License 
Agreement, or other applicable license agreement, including, 
without limitation, that your use is for the sole purpose of 
programming logic devices manufactured by Altera and sold by 
Altera or its authorized distributors.  Please refer to the 
applicable agreement for further details.



+--------------------------------------------------------------------------------------+
; Flow Summary                                                                         ;
+------------------------------------+-------------------------------------------------+
; Flow Status                        ; Successful - Sun Dec  8 12:22:10 2013           ;
; Quartus II 64-Bit Version          ; 13.0.1 Build 232 06/12/2013 SP 1 SJ Web Edition ;
; Revision Name                      ; SystemIR                                        ;
; Top-level Entity Name              ; SystemIR                                        ;
; Family                             ; Cyclone IV GX                                   ;
; Total logic elements               ; 392 / 14,400 ( 3 % )                            ;
;     Total combinational functions  ; 311 / 14,400 ( 2 % )                            ;
;     Dedicated logic registers      ; 234 / 14,400 ( 2 % )                            ;
; Total registers                    ; 234                                             ;
; Total pins                         ; 19 / 81 ( 23 % )                                ;
; Total virtual pins                 ; 0                                               ;
; Total memory bits                  ; 2,048 / 552,960 ( < 1 % )                       ;
; Embedded Multiplier 9-bit elements ; 0                                               ;
; Total GXB Receiver Channel PCS     ; 0 / 2 ( 0 % )                                   ;
; Total GXB Receiver Channel PMA     ; 0 / 2 ( 0 % )                                   ;
; Total GXB Transmitter Channel PCS  ; 0 / 2 ( 0 % )                                   ;
; Total GXB Transmitter Channel PMA  ; 0 / 2 ( 0 % )                                   ;
; Total PLLs                         ; 0 / 3 ( 0 % )                                   ;
; Device                             ; EP4CGX15BF14C6                                  ;
; Timing Models                      ; Final                                           ;
+------------------------------------+-------------------------------------------------+


+-----------------------------------------+
; Flow Settings                           ;
+-------------------+---------------------+
; Option            ; Setting             ;
+-------------------+---------------------+
; Start date & time ; 12/08/2013 12:21:06 ;
; Main task         ; Compilation         ;
; Revision Name     ; SystemIR            ;
+-------------------+---------------------+


+----------------------------------------------------------------------------------------------------------------------+
; Flow Non-Default Global Settings                                                                                     ;
+-------------------------------------+---------------------------------+---------------+-------------+----------------+
; Assignment Name                     ; Value                           ; Default Value ; Entity Name ; Section Id     ;
+-------------------------------------+---------------------------------+---------------+-------------+----------------+
; COMPILER_SIGNATURE_ID               ; 110162965602026.138651246606036 ; --            ; --          ; --             ;
; EDA_OUTPUT_DATA_FORMAT              ; Vhdl                            ; --            ; --          ; eda_simulation ;
; EDA_SIMULATION_TOOL                 ; ModelSim-Altera (VHDL)          ; <None>        ; --          ; --             ;
; PARTITION_COLOR                     ; 16764057                        ; --            ; --          ; Top            ;
; PARTITION_FITTER_PRESERVATION_LEVEL ; PLACEMENT_AND_ROUTING           ; --            ; --          ; Top            ;
; PARTITION_NETLIST_TYPE              ; SOURCE                          ; --            ; --          ; Top            ;
; PROJECT_OUTPUT_DIRECTORY            ; output_files                    ; --            ; --          ; --             ;
+-------------------------------------+---------------------------------+---------------+-------------+----------------+


+-------------------------------------------------------------------------------------------------------------------------------+
; Flow Elapsed Time                                                                                                             ;
+---------------------------+--------------+-------------------------+---------------------+------------------------------------+
; Module Name               ; Elapsed Time ; Average Processors Used ; Peak Virtual Memory ; Total CPU Time (on all processors) ;
+---------------------------+--------------+-------------------------+---------------------+------------------------------------+
; Analysis & Synthesis      ; 00:00:09     ; 1.0                     ; 706 MB              ; 00:00:05                           ;
; Fitter                    ; 00:00:22     ; 1.0                     ; 838 MB              ; 00:00:17                           ;
; Assembler                 ; 00:00:03     ; 1.0                     ; 594 MB              ; 00:00:02                           ;
; TimeQuest Timing Analyzer ; 00:00:05     ; 1.0                     ; 572 MB              ; 00:00:04                           ;
; EDA Netlist Writer        ; 00:00:03     ; 1.0                     ; 855 MB              ; 00:00:02                           ;
; Total                     ; 00:00:42     ; --                      ; --                  ; 00:00:30                           ;
+---------------------------+--------------+-------------------------+---------------------+------------------------------------+


+--------------------------------------------------------------------------------------------------------------+
; Flow OS Summary                                                                                              ;
+---------------------------+-------------------------------------+--------------+------------+----------------+
; Module Name               ; Machine Hostname                    ; OS Name      ; OS Version ; Processor type ;
+---------------------------+-------------------------------------+--------------+------------+----------------+
; Analysis & Synthesis      ; matheus-HP-Pavilion-dm4-Notebook-PC ; Ubuntu 13.10 ; 13         ; x86_64         ;
; Fitter                    ; matheus-HP-Pavilion-dm4-Notebook-PC ; Ubuntu 13.10 ; 13         ; x86_64         ;
; Assembler                 ; matheus-HP-Pavilion-dm4-Notebook-PC ; Ubuntu 13.10 ; 13         ; x86_64         ;
; TimeQuest Timing Analyzer ; matheus-HP-Pavilion-dm4-Notebook-PC ; Ubuntu 13.10 ; 13         ; x86_64         ;
; EDA Netlist Writer        ; matheus-HP-Pavilion-dm4-Notebook-PC ; Ubuntu 13.10 ; 13         ; x86_64         ;
+---------------------------+-------------------------------------+--------------+------------+----------------+


------------
; Flow Log ;
------------
quartus_map --read_settings_files=on --write_settings_files=off SystemIR -c SystemIR
quartus_fit --read_settings_files=off --write_settings_files=off SystemIR -c SystemIR
quartus_asm --read_settings_files=off --write_settings_files=off SystemIR -c SystemIR
quartus_sta SystemIR -c SystemIR
quartus_eda --read_settings_files=off --write_settings_files=off SystemIR -c SystemIR



